<?xml version="1.0" encoding="utf-8"?><testsuite errors="0" failures="0" name="pytest" skips="0" tests="33" time="0.119"><testcase classname="tests.test_check_equal_int" file="tests/test_check_equal_int.py" line="11" name="test_check_equal_int_0_0_pass" time="0.0012793540954589844"><system-out>Equality check passed - Got abs (0 - 0) &lt;= 0.0.
</system-out></testcase><testcase classname="tests.test_check_equal_int" file="tests/test_check_equal_int.py" line="19" name="test_check_equal_int_1_1_pass" time="0.0009276866912841797"><system-out>Equality check passed - Got abs (1 - 1) &lt;= 0.0.
</system-out></testcase><testcase classname="tests.test_check_equal_int" file="tests/test_check_equal_int.py" line="27" name="test_check_equal_int_0_1_pass" time="0.0009212493896484375"><system-out>Equality check passed - Got abs (0 - 1) &lt;= 1.
</system-out></testcase><testcase classname="tests.test_check_equal_int" file="tests/test_check_equal_int.py" line="35" name="test_check_equal_int_0_10_pass" time="0.0008032321929931641"><system-out>Equality check passed - Got abs (0 - 10) &lt;= 10.
</system-out></testcase><testcase classname="tests.test_check_equal_int" file="tests/test_check_equal_int.py" line="43" name="test_check_equal_int_0_10_10_pass_not_visible" time="0.0008382797241210938"></testcase><testcase classname="tests.test_check_equal_int" file="tests/test_check_equal_int.py" line="53" name="test_check_equal_int_0_10_fail" time="0.0008168220520019531"><system-out>Equality check failed - Got abs (0 - 10) &gt; 0.0.
</system-out></testcase><testcase classname="tests.test_check_equal_int" file="tests/test_check_equal_int.py" line="61" name="test_check_equal_int_0_10_9_fail" time="0.0009846687316894531"><system-out>Equality check failed - Got abs (0 - 10) &gt; 9.
</system-out></testcase><testcase classname="tests.test_check_equal_int" file="tests/test_check_equal_int.py" line="72" name="test_check_equal_int_my_checker__0_0_pass" time="0.0009102821350097656"><system-out>Equality check passed - Got abs (0 - 0) &lt;= 0.0.
</system-out></testcase><testcase classname="tests.test_check_equal_int" file="tests/test_check_equal_int.py" line="80" name="test_check_equal_int_my_checker__0_10_pass" time="0.0009472370147705078"><system-out>Equality check passed - Got abs (0 - 10) &lt;= 10.
</system-out></testcase><testcase classname="tests.test_check_equal_int" file="tests/test_check_equal_int.py" line="88" name="test_check_equal_int_my_checker__0_10_fail" time="0.0009090900421142578"><system-out>Equality check failed - Got abs (0 - 10) &gt; 0.0.
</system-out></testcase><testcase classname="tests.test_check_equal_int" file="tests/test_check_equal_int.py" line="96" name="test_check_equal_int_my_checker__0_10_9_fail" time="0.0009434223175048828"><system-out>Equality check failed - Got abs (0 - 10) &gt; 9.
</system-out></testcase><testcase classname="tests.test_check_equal_real" file="tests/test_check_equal_real.py" line="11" name="test_check_equal_real_0_0_pass" time="0.0009853839874267578"><system-out>Equality check passed - Got abs (0.0 - 0.0) &lt;= 0.0.
</system-out></testcase><testcase classname="tests.test_check_equal_real" file="tests/test_check_equal_real.py" line="19" name="test_check_equal_real_0_1_pass" time="0.0009362697601318359"><system-out>Equality check passed - Got abs (0.0 - 1.0) &lt;= 1.0.
</system-out></testcase><testcase classname="tests.test_check_equal_real" file="tests/test_check_equal_real.py" line="27" name="test_check_equal_real_0_1_fail" time="0.0009410381317138672"><system-out>Equality check failed - Got abs (0.0 - 1.0) &gt; 0.0.
</system-out></testcase><testcase classname="tests.test_check_equal_real" file="tests/test_check_equal_real.py" line="35" name="test_check_equal_real_0_1_fail2" time="0.0009317398071289062"><system-out>Equality check failed - Got abs (0.0 - 1.0) &gt; 0.9.
</system-out></testcase><testcase classname="tests.test_check_equal_real" file="tests/test_check_equal_real.py" line="46" name="test_check_equal_real_my_checker__0_0_pass" time="0.000885009765625"><system-out>Equality check passed - Got abs (0.0 - 0.0) &lt;= 0.0.
</system-out></testcase><testcase classname="tests.test_check_equal_real" file="tests/test_check_equal_real.py" line="54" name="test_check_equal_real_my_checker__0_1_pass" time="0.0009279251098632812"><system-out>Equality check passed - Got abs (0.0 - 1.0) &lt;= 1.0.
</system-out></testcase><testcase classname="tests.test_check_equal_real" file="tests/test_check_equal_real.py" line="62" name="test_check_equal_real_my_checker__0_1_fail" time="0.0009469985961914062"><system-out>Equality check failed - Got abs (0.0 - 1.0) &gt; 0.0.
</system-out></testcase><testcase classname="tests.test_check_equal_real" file="tests/test_check_equal_real.py" line="70" name="test_check_equal_real_my_checker__0_1_fail2" time="0.000982046127319336"><system-out>Equality check failed - Got abs (0.0 - 1.0) &gt; 0.9.
</system-out></testcase><testcase classname="tests.test_check_failed" file="tests/test_check_failed.py" line="11" name="test_check_failed1" time="0.0009047985076904297"><system-out>Unconditional check failed.
</system-out></testcase><testcase classname="tests.test_check_failed" file="tests/test_check_failed.py" line="23" name="test_check_failed2" time="0.0008041858673095703"><system-out>
</system-out></testcase><testcase classname="tests.test_check_failed" file="tests/test_check_failed.py" line="31" name="test_check_failed3" time="0.0010442733764648438"><system-out>Checking my data.
</system-out></testcase><testcase classname="tests.test_check_failed" file="tests/test_check_failed.py" line="39" name="test_check_failed3b" time="0.0010402202606201172"><system-out>Checking my data.
</system-out></testcase><testcase classname="tests.test_check_failed" file="tests/test_check_failed.py" line="49" name="test_check_failed3c" time="0.0009312629699707031"><system-out>x.
</system-out></testcase><testcase classname="tests.test_check_failed" file="tests/test_check_failed.py" line="59" name="test_check_failed4" time="0.0009191036224365234"><system-out>Unconditional check failed for my data.
</system-out></testcase><testcase classname="tests.test_check_failed" file="tests/test_check_failed.py" line="70" name="test_check_failed5" time="0.0009491443634033203"><system-out>Unconditional check failed.
</system-out></testcase><testcase classname="tests.test_check_passed" file="tests/test_check_passed.py" line="13" name="test_check_passed1" time="0.0009856224060058594"><system-out>Unconditional check passed.
</system-out></testcase><testcase classname="tests.test_check_passed" file="tests/test_check_passed.py" line="25" name="test_check_passed2" time="0.0008938312530517578"><system-out>
</system-out></testcase><testcase classname="tests.test_check_passed" file="tests/test_check_passed.py" line="33" name="test_check_passed3" time="0.0009832382202148438"><system-out>Checking my data.
</system-out></testcase><testcase classname="tests.test_check_passed" file="tests/test_check_passed.py" line="41" name="test_check_passed3b" time="0.0009210109710693359"><system-out>Checking my data.
</system-out></testcase><testcase classname="tests.test_check_passed" file="tests/test_check_passed.py" line="51" name="test_check_passed3c" time="0.0008575916290283203"><system-out>x.
</system-out></testcase><testcase classname="tests.test_check_passed" file="tests/test_check_passed.py" line="61" name="test_check_passed4" time="0.0008726119995117188"><system-out>Unconditional check passed for my data.
</system-out></testcase><testcase classname="tests.test_check_passed" file="tests/test_check_passed.py" line="72" name="test_check_passed5" time="0.0008709430694580078"><system-out>Unconditional check passed.
</system-out></testcase></testsuite>