<?xml version="1.0" encoding="utf-8"?><testsuite errors="0" failures="0" name="pytest" skips="0" tests="33" time="0.147"><testcase classname="tests.test_check_equal_int" file="tests/test_check_equal_int.py" line="11" name="test_check_equal_int_0_0_pass" time="0.0013120174407958984"><system-out>Equality check passed - Got abs (0 - 0) &lt;= 0.0.
</system-out></testcase><testcase classname="tests.test_check_equal_int" file="tests/test_check_equal_int.py" line="19" name="test_check_equal_int_1_1_pass" time="0.0008528232574462891"><system-out>Equality check passed - Got abs (1 - 1) &lt;= 0.0.
</system-out></testcase><testcase classname="tests.test_check_equal_int" file="tests/test_check_equal_int.py" line="27" name="test_check_equal_int_0_1_pass" time="0.000843048095703125"><system-out>Equality check passed - Got abs (0 - 1) &lt;= 1.
</system-out></testcase><testcase classname="tests.test_check_equal_int" file="tests/test_check_equal_int.py" line="35" name="test_check_equal_int_0_10_pass" time="0.000919342041015625"><system-out>Equality check passed - Got abs (0 - 10) &lt;= 10.
</system-out></testcase><testcase classname="tests.test_check_equal_int" file="tests/test_check_equal_int.py" line="43" name="test_check_equal_int_0_10_10_pass_not_visible" time="0.0007829666137695312"></testcase><testcase classname="tests.test_check_equal_int" file="tests/test_check_equal_int.py" line="53" name="test_check_equal_int_0_10_fail" time="0.0008728504180908203"><system-out>Equality check failed - Got abs (0 - 10) &gt; 0.0.
</system-out></testcase><testcase classname="tests.test_check_equal_int" file="tests/test_check_equal_int.py" line="61" name="test_check_equal_int_0_10_9_fail" time="0.0008907318115234375"><system-out>Equality check failed - Got abs (0 - 10) &gt; 9.
</system-out></testcase><testcase classname="tests.test_check_equal_int" file="tests/test_check_equal_int.py" line="72" name="test_check_equal_int_my_checker__0_0_pass" time="0.0008518695831298828"><system-out>Equality check passed - Got abs (0 - 0) &lt;= 0.0.
</system-out></testcase><testcase classname="tests.test_check_equal_int" file="tests/test_check_equal_int.py" line="80" name="test_check_equal_int_my_checker__0_10_pass" time="0.0008580684661865234"><system-out>Equality check passed - Got abs (0 - 10) &lt;= 10.
</system-out></testcase><testcase classname="tests.test_check_equal_int" file="tests/test_check_equal_int.py" line="88" name="test_check_equal_int_my_checker__0_10_fail" time="0.0008568763732910156"><system-out>Equality check failed - Got abs (0 - 10) &gt; 0.0.
</system-out></testcase><testcase classname="tests.test_check_equal_int" file="tests/test_check_equal_int.py" line="96" name="test_check_equal_int_my_checker__0_10_9_fail" time="0.0008826255798339844"><system-out>Equality check failed - Got abs (0 - 10) &gt; 9.
</system-out></testcase><testcase classname="tests.test_check_equal_real" file="tests/test_check_equal_real.py" line="11" name="test_check_equal_real_0_0_pass" time="0.0008792877197265625"><system-out>Equality check passed - Got abs (0.0 - 0.0) &lt;= 0.0.
</system-out></testcase><testcase classname="tests.test_check_equal_real" file="tests/test_check_equal_real.py" line="19" name="test_check_equal_real_0_1_pass" time="0.0010106563568115234"><system-out>Equality check passed - Got abs (0.0 - 1.0) &lt;= 1.0.
</system-out></testcase><testcase classname="tests.test_check_equal_real" file="tests/test_check_equal_real.py" line="27" name="test_check_equal_real_0_1_fail" time="0.00092315673828125"><system-out>Equality check failed - Got abs (0.0 - 1.0) &gt; 0.0.
</system-out></testcase><testcase classname="tests.test_check_equal_real" file="tests/test_check_equal_real.py" line="35" name="test_check_equal_real_0_1_fail2" time="0.0009157657623291016"><system-out>Equality check failed - Got abs (0.0 - 1.0) &gt; 0.9.
</system-out></testcase><testcase classname="tests.test_check_equal_real" file="tests/test_check_equal_real.py" line="46" name="test_check_equal_real_my_checker__0_0_pass" time="0.0009357929229736328"><system-out>Equality check passed - Got abs (0.0 - 0.0) &lt;= 0.0.
</system-out></testcase><testcase classname="tests.test_check_equal_real" file="tests/test_check_equal_real.py" line="54" name="test_check_equal_real_my_checker__0_1_pass" time="0.0009405612945556641"><system-out>Equality check passed - Got abs (0.0 - 1.0) &lt;= 1.0.
</system-out></testcase><testcase classname="tests.test_check_equal_real" file="tests/test_check_equal_real.py" line="62" name="test_check_equal_real_my_checker__0_1_fail" time="0.0009479522705078125"><system-out>Equality check failed - Got abs (0.0 - 1.0) &gt; 0.0.
</system-out></testcase><testcase classname="tests.test_check_equal_real" file="tests/test_check_equal_real.py" line="70" name="test_check_equal_real_my_checker__0_1_fail2" time="0.0009703636169433594"><system-out>Equality check failed - Got abs (0.0 - 1.0) &gt; 0.9.
</system-out></testcase><testcase classname="tests.test_check_failed" file="tests/test_check_failed.py" line="11" name="test_check_failed1" time="0.0009398460388183594"><system-out>Unconditional check failed.
</system-out></testcase><testcase classname="tests.test_check_failed" file="tests/test_check_failed.py" line="22" name="test_check_failed2" time="0.0009474754333496094"><system-out>
</system-out></testcase><testcase classname="tests.test_check_failed" file="tests/test_check_failed.py" line="30" name="test_check_failed3" time="0.0008122920989990234"><system-out>Checking my data.
</system-out></testcase><testcase classname="tests.test_check_failed" file="tests/test_check_failed.py" line="38" name="test_check_failed3b" time="0.0009210109710693359"><system-out>Checking my data.
</system-out></testcase><testcase classname="tests.test_check_failed" file="tests/test_check_failed.py" line="48" name="test_check_failed3c" time="0.0008814334869384766"><system-out>x.
</system-out></testcase><testcase classname="tests.test_check_failed" file="tests/test_check_failed.py" line="58" name="test_check_failed4" time="0.0009160041809082031"><system-out>Unconditional check failed for my data.
</system-out></testcase><testcase classname="tests.test_check_failed" file="tests/test_check_failed.py" line="69" name="test_check_failed5" time="0.0008709430694580078"><system-out>Unconditional check failed.
</system-out></testcase><testcase classname="tests.test_check_passed" file="tests/test_check_passed.py" line="13" name="test_check_passed1" time="0.000926971435546875"><system-out>Unconditional check passed.
</system-out></testcase><testcase classname="tests.test_check_passed" file="tests/test_check_passed.py" line="24" name="test_check_passed2" time="0.0009086132049560547"><system-out>
</system-out></testcase><testcase classname="tests.test_check_passed" file="tests/test_check_passed.py" line="32" name="test_check_passed3" time="0.0008842945098876953"><system-out>Checking my data.
</system-out></testcase><testcase classname="tests.test_check_passed" file="tests/test_check_passed.py" line="40" name="test_check_passed3b" time="0.0009908676147460938"><system-out>Checking my data.
</system-out></testcase><testcase classname="tests.test_check_passed" file="tests/test_check_passed.py" line="50" name="test_check_passed3c" time="0.0008769035339355469"><system-out>x.
</system-out></testcase><testcase classname="tests.test_check_passed" file="tests/test_check_passed.py" line="60" name="test_check_passed4" time="0.0008440017700195312"><system-out>Unconditional check passed for my data.
</system-out></testcase><testcase classname="tests.test_check_passed" file="tests/test_check_passed.py" line="71" name="test_check_passed5" time="0.0009272098541259766"><system-out>Unconditional check passed.
</system-out></testcase></testsuite>